Vivado Simulator 2019.2
Time resolution is 1 ps
Note: ==== Checking number of states of LSFR counter...
Time: 20 ns  Iteration: 0  Process: /LSFR_tb/state_counter  File: D:/Documents/xjasek15/MPC-PLD/13_LSFR/project_1/project_1.srcs/sim_1/new/LSFR_tb.vhd
Note: ==== Checking number of states of LSFR counter...
Time: 40 ns  Iteration: 0  Process: /LSFR_tb/state_counter  File: D:/Documents/xjasek15/MPC-PLD/13_LSFR/project_1/project_1.srcs/sim_1/new/LSFR_tb.vhd
Note: ==== Checking number of states of LSFR counter...
Time: 60 ns  Iteration: 0  Process: /LSFR_tb/state_counter  File: D:/Documents/xjasek15/MPC-PLD/13_LSFR/project_1/project_1.srcs/sim_1/new/LSFR_tb.vhd
Note: ==== Checking number of states of LSFR counter...
Time: 80 ns  Iteration: 0  Process: /LSFR_tb/state_counter  File: D:/Documents/xjasek15/MPC-PLD/13_LSFR/project_1/project_1.srcs/sim_1/new/LSFR_tb.vhd
Note: ==== Checking number of states of LSFR counter...
Time: 100 ns  Iteration: 0  Process: /LSFR_tb/state_counter  File: D:/Documents/xjasek15/MPC-PLD/13_LSFR/project_1/project_1.srcs/sim_1/new/LSFR_tb.vhd
Note: ==== Checking number of states of LSFR counter...
Time: 120 ns  Iteration: 0  Process: /LSFR_tb/state_counter  File: D:/Documents/xjasek15/MPC-PLD/13_LSFR/project_1/project_1.srcs/sim_1/new/LSFR_tb.vhd
Note: ==== Checking number of states of LSFR counter...
Time: 140 ns  Iteration: 0  Process: /LSFR_tb/state_counter  File: D:/Documents/xjasek15/MPC-PLD/13_LSFR/project_1/project_1.srcs/sim_1/new/LSFR_tb.vhd
Note: ==== Checking number of states of LSFR counter...
Time: 160 ns  Iteration: 0  Process: /LSFR_tb/state_counter  File: D:/Documents/xjasek15/MPC-PLD/13_LSFR/project_1/project_1.srcs/sim_1/new/LSFR_tb.vhd
Note: ==== Checking number of states of LSFR counter...
Time: 180 ns  Iteration: 0  Process: /LSFR_tb/state_counter  File: D:/Documents/xjasek15/MPC-PLD/13_LSFR/project_1/project_1.srcs/sim_1/new/LSFR_tb.vhd
Note: ==== Checking number of states of LSFR counter...
Time: 200 ns  Iteration: 0  Process: /LSFR_tb/state_counter  File: D:/Documents/xjasek15/MPC-PLD/13_LSFR/project_1/project_1.srcs/sim_1/new/LSFR_tb.vhd
Note: ==== Checking number of states of LSFR counter...
Time: 220 ns  Iteration: 0  Process: /LSFR_tb/state_counter  File: D:/Documents/xjasek15/MPC-PLD/13_LSFR/project_1/project_1.srcs/sim_1/new/LSFR_tb.vhd
Note: ==== Checking number of states of LSFR counter...
Time: 240 ns  Iteration: 0  Process: /LSFR_tb/state_counter  File: D:/Documents/xjasek15/MPC-PLD/13_LSFR/project_1/project_1.srcs/sim_1/new/LSFR_tb.vhd
Note: ==== Checking number of states of LSFR counter...
Time: 260 ns  Iteration: 0  Process: /LSFR_tb/state_counter  File: D:/Documents/xjasek15/MPC-PLD/13_LSFR/project_1/project_1.srcs/sim_1/new/LSFR_tb.vhd
Note: ==== Checking number of states of LSFR counter...
Time: 280 ns  Iteration: 0  Process: /LSFR_tb/state_counter  File: D:/Documents/xjasek15/MPC-PLD/13_LSFR/project_1/project_1.srcs/sim_1/new/LSFR_tb.vhd
Note: ==== Checking number of states of LSFR counter...
Time: 300 ns  Iteration: 0  Process: /LSFR_tb/state_counter  File: D:/Documents/xjasek15/MPC-PLD/13_LSFR/project_1/project_1.srcs/sim_1/new/LSFR_tb.vhd
Note: ==== Checking number of states of LSFR counter...
Time: 320 ns  Iteration: 0  Process: /LSFR_tb/state_counter  File: D:/Documents/xjasek15/MPC-PLD/13_LSFR/project_1/project_1.srcs/sim_1/new/LSFR_tb.vhd
Note: ==== Checking number of states of LSFR counter...
Time: 340 ns  Iteration: 0  Process: /LSFR_tb/state_counter  File: D:/Documents/xjasek15/MPC-PLD/13_LSFR/project_1/project_1.srcs/sim_1/new/LSFR_tb.vhd
Note: ==== Checking number of states of LSFR counter...
Time: 360 ns  Iteration: 0  Process: /LSFR_tb/state_counter  File: D:/Documents/xjasek15/MPC-PLD/13_LSFR/project_1/project_1.srcs/sim_1/new/LSFR_tb.vhd
Note: ==== Checking number of states of LSFR counter...
Time: 380 ns  Iteration: 0  Process: /LSFR_tb/state_counter  File: D:/Documents/xjasek15/MPC-PLD/13_LSFR/project_1/project_1.srcs/sim_1/new/LSFR_tb.vhd
Note: ==== Checking number of states of LSFR counter...
Time: 400 ns  Iteration: 0  Process: /LSFR_tb/state_counter  File: D:/Documents/xjasek15/MPC-PLD/13_LSFR/project_1/project_1.srcs/sim_1/new/LSFR_tb.vhd
Note: ==== Checking number of states of LSFR counter...
Time: 420 ns  Iteration: 0  Process: /LSFR_tb/state_counter  File: D:/Documents/xjasek15/MPC-PLD/13_LSFR/project_1/project_1.srcs/sim_1/new/LSFR_tb.vhd
Note: ==== Checking number of states of LSFR counter...
Time: 440 ns  Iteration: 0  Process: /LSFR_tb/state_counter  File: D:/Documents/xjasek15/MPC-PLD/13_LSFR/project_1/project_1.srcs/sim_1/new/LSFR_tb.vhd
Note: ==== Checking number of states of LSFR counter...
Time: 460 ns  Iteration: 0  Process: /LSFR_tb/state_counter  File: D:/Documents/xjasek15/MPC-PLD/13_LSFR/project_1/project_1.srcs/sim_1/new/LSFR_tb.vhd
Note: ==== Checking number of states of LSFR counter...
Time: 480 ns  Iteration: 0  Process: /LSFR_tb/state_counter  File: D:/Documents/xjasek15/MPC-PLD/13_LSFR/project_1/project_1.srcs/sim_1/new/LSFR_tb.vhd
Note: ==== Checking number of states of LSFR counter...
Time: 500 ns  Iteration: 0  Process: /LSFR_tb/state_counter  File: D:/Documents/xjasek15/MPC-PLD/13_LSFR/project_1/project_1.srcs/sim_1/new/LSFR_tb.vhd
Note: ==== Checking number of states of LSFR counter...
Time: 520 ns  Iteration: 0  Process: /LSFR_tb/state_counter  File: D:/Documents/xjasek15/MPC-PLD/13_LSFR/project_1/project_1.srcs/sim_1/new/LSFR_tb.vhd
Note: ==== Checking number of states of LSFR counter...
Time: 540 ns  Iteration: 0  Process: /LSFR_tb/state_counter  File: D:/Documents/xjasek15/MPC-PLD/13_LSFR/project_1/project_1.srcs/sim_1/new/LSFR_tb.vhd
Note: ==== Checking number of states of LSFR counter...
Time: 560 ns  Iteration: 0  Process: /LSFR_tb/state_counter  File: D:/Documents/xjasek15/MPC-PLD/13_LSFR/project_1/project_1.srcs/sim_1/new/LSFR_tb.vhd
Note: ==== Checking number of states of LSFR counter...
Time: 580 ns  Iteration: 0  Process: /LSFR_tb/state_counter  File: D:/Documents/xjasek15/MPC-PLD/13_LSFR/project_1/project_1.srcs/sim_1/new/LSFR_tb.vhd
Note: ==== Checking number of states of LSFR counter...
Time: 600 ns  Iteration: 0  Process: /LSFR_tb/state_counter  File: D:/Documents/xjasek15/MPC-PLD/13_LSFR/project_1/project_1.srcs/sim_1/new/LSFR_tb.vhd
Note: ==== Checking number of states of LSFR counter...
Time: 620 ns  Iteration: 0  Process: /LSFR_tb/state_counter  File: D:/Documents/xjasek15/MPC-PLD/13_LSFR/project_1/project_1.srcs/sim_1/new/LSFR_tb.vhd
Note: ==== Checking number of states of LSFR counter...
Time: 640 ns  Iteration: 0  Process: /LSFR_tb/state_counter  File: D:/Documents/xjasek15/MPC-PLD/13_LSFR/project_1/project_1.srcs/sim_1/new/LSFR_tb.vhd
Note: ==== Checking number of states of LSFR counter...
Time: 660 ns  Iteration: 0  Process: /LSFR_tb/state_counter  File: D:/Documents/xjasek15/MPC-PLD/13_LSFR/project_1/project_1.srcs/sim_1/new/LSFR_tb.vhd
Note: ==== Checking number of states of LSFR counter...
Time: 680 ns  Iteration: 0  Process: /LSFR_tb/state_counter  File: D:/Documents/xjasek15/MPC-PLD/13_LSFR/project_1/project_1.srcs/sim_1/new/LSFR_tb.vhd
Note: ==== Checking number of states of LSFR counter...
Time: 700 ns  Iteration: 0  Process: /LSFR_tb/state_counter  File: D:/Documents/xjasek15/MPC-PLD/13_LSFR/project_1/project_1.srcs/sim_1/new/LSFR_tb.vhd
Note: ==== Checking number of states of LSFR counter...
Time: 720 ns  Iteration: 0  Process: /LSFR_tb/state_counter  File: D:/Documents/xjasek15/MPC-PLD/13_LSFR/project_1/project_1.srcs/sim_1/new/LSFR_tb.vhd
Note: ==== Checking number of states of LSFR counter...
Time: 740 ns  Iteration: 0  Process: /LSFR_tb/state_counter  File: D:/Documents/xjasek15/MPC-PLD/13_LSFR/project_1/project_1.srcs/sim_1/new/LSFR_tb.vhd
Note: ==== Checking number of states of LSFR counter...
Time: 760 ns  Iteration: 0  Process: /LSFR_tb/state_counter  File: D:/Documents/xjasek15/MPC-PLD/13_LSFR/project_1/project_1.srcs/sim_1/new/LSFR_tb.vhd
Note: ==== Checking number of states of LSFR counter...
Time: 780 ns  Iteration: 0  Process: /LSFR_tb/state_counter  File: D:/Documents/xjasek15/MPC-PLD/13_LSFR/project_1/project_1.srcs/sim_1/new/LSFR_tb.vhd
Note: ==== Checking number of states