#-----------------------------------------------------------
# Vivado v2019.2.1 (64-bit)
# SW Build 2729669 on Thu Dec  5 04:49:17 MST 2019
# IP Build 2729494 on Thu Dec  5 07:38:25 MST 2019
# Start of session at: Tue Mar  1 11:10:37 2022
# Process ID: 7332
# Current directory: D:/Documents/xjasek15/MPC-PLD/04_PC/CV_04_templates
# Command line: vivado.exe -gui_launcher_event rodinguilauncherevent10788 D:\Documents\xjasek15\MPC-PLD\04_PC\CV_04_templates\seg_disp_driver.dcp
# Log file: D:/Documents/xjasek15/MPC-PLD/04_PC/CV_04_templates/vivado.log
# Journal file: D:/Documents/xjasek15/MPC-PLD/04_PC/CV_04_templates\vivado.jou
#-----------------------------------------------------------
start_gui
open_checkpoint D:/Documents/xjasek15/MPC-PLD/04_PC/CV_04_templates/seg_disp_driver.dcp
Command: open_checkpoint D:/Documents/xjasek15/MPC-PLD/04_PC/CV_04_templates/seg_disp_driver.dcp

Starting open_checkpoint Task

Time (s): cpu = 00:00:00 ; elapsed = 00:00:00.049 . Memory (MB): peak = 656.832 ; gain = 0.000
INFO: [IP_Flow 19-234] Refreshing IP repositories
INFO: [IP_Flow 19-1704] No user IP repositories specified
INFO: [IP_Flow 19-2313] Loaded Vivado IP repository 'C:/Appz/Xilinx/Vivado/2019.2/data/ip'.
INFO: [Device 21-403] Loading part xc7z010clg400-1
Netlist sorting complete. Time (s): cpu = 00:00:00 ; elapsed = 00:00:00.001 . Memory (MB): peak = 1041.445 ; gain = 0.000
INFO: [Netlist 29-17] Analyzing 4 Unisim elements for replacement
INFO: [Netlist 29-28] Unisim Transformation completed in 0 CPU seconds
INFO: [Project 1-479] Netlist was created with Vivado 2017.3.1
INFO: [Project 1-570] Preparing netlist for logic optimization
INFO: [Constraints 18-4397] Generator change detected checking ShapeConfig Enum. shapeDB will be regenerated.
INFO: [Opt 31-138] Pushed 0 inverter(s) to 0 load pin(s).
Netlist sorting complete. Time (s): cpu = 00:00:00 ; elapsed = 00:00:00 . Memory (MB): peak = 1147.684 ; gain = 0.000
INFO: [Project 1-111] Unisim Transformation Summary:
No Unisim elements were transformed.

INFO: [Project 1-604] Checkpoint was created with Vivado v2017.3.1 (64-bit) build 2035080
open_checkpoint: Time (s): cpu = 00:00:30 ; elapsed = 00:00:18 . Memory (MB): peak = 1265.023 ; gain = 633.086
exit
INFO: [Common 17-206] Exiting Vivado at Tue Mar  1 11:11:26 2022...
